#
# There is insufficient memory for the Java Runtime Environment to continue.
# Native memory allocation (malloc) failed to allocate 944656 bytes for Chunk::new
# Possible reasons:
#   The system is out of physical RAM or swap space
#   The process is running with CompressedOops enabled, and the Java Heap may be blocking the growth of the native heap
# Possible solutions:
#   Reduce memory load on the system
#   Increase physical memory or swap space
#   Check if swap backing store is full
#   Decrease Java heap size (-Xmx/-Xms)
#   Decrease number of Java threads
#   Decrease Java thread stack sizes (-Xss)
#   Set larger code cache with -XX:ReservedCodeCacheSize=
#   JVM is running with Unscaled Compressed Oops mode in which the Java heap is
#     placed in the first 4GB address space. The Java Heap base address is the
#     maximum limit for the native heap growth. Please use -XX:HeapBaseMinAddress
#     to set the Java Heap base and to place the Java Heap above 4GB virtual address.
# This output file may be truncated or incomplete.
#
#  Out of Memory Error (./src/hotspot/share/memory/arena.cpp:197), pid=15200, tid=10704
#
# JRE version: OpenJDK Runtime Environment (11.0.8+10) (build 11.0.8+10-b944.6842174)
# Java VM: OpenJDK 64-Bit Server VM (11.0.8+10-b944.6842174, mixed mode, tiered, compressed oops, g1 gc, windows-amd64)
# No core dump will be written. Minidumps are not enabled by default on client versions of Windows
#

---------------  S U M M A R Y ------------

Command Line: --add-opens=java.base/java.util=ALL-UNNAMED --add-opens=java.base/java.lang=ALL-UNNAMED --add-opens=java.base/java.lang.invoke=ALL-UNNAMED --add-opens=java.prefs/java.util.prefs=ALL-UNNAMED -Xmx2048m -Dfile.encoding=UTF-8 -Duser.country=RU -Duser.language=ru -Duser.variant org.gradle.launcher.daemon.bootstrap.GradleDaemon 6.7.1

Host: Intel(R) Core(TM) i5-7200U CPU @ 2.50GHz, 4 cores, 7G,  Windows 10 , 64 bit Build 19041 (10.0.19041.1023)
Time: Sun Jul 18 19:13:10 2021 RTZ 2 (зима) elapsed time: 31 seconds (0d 0h 0m 31s)

---------------  T H R E A D  ---------------

Current thread (0x0000017047162000):  JavaThread "C2 CompilerThread0" daemon [_thread_in_native, id=10704, stack(0x000000409aa00000,0x000000409ab00000)]


Current CompileTask:
C2:  31352 5852       4       java.net.URLClassLoader$1::run (5 bytes)

Stack: [0x000000409aa00000,0x000000409ab00000]
Native frames: (J=compiled Java code, j=interpreted, Vv=VM code, C=native code)
V  [jvm.dll+0x5de50a]
V  [jvm.dll+0x7122f5]
V  [jvm.dll+0x71384d]
V  [jvm.dll+0x713f03]
V  [jvm.dll+0x23e728]
V  [jvm.dll+0xb899c]
V  [jvm.dll+0xb8e9c]
V  [jvm.dll+0x2b20e4]
V  [jvm.dll+0x502098]
V  [jvm.dll+0x1ff393]
V  [jvm.dll+0x1f917c]
V  [jvm.dll+0x1f685f]
V  [jvm.dll+0x17f32c]
V  [jvm.dll+0x205047]
V  [jvm.dll+0x203891]
V  [jvm.dll+0x6dad3f]
V  [jvm.dll+0x6d3895]
V  [jvm.dll+0x5dd4a6]
C  [ucrtbase.dll+0x21bb2]
C  [KERNEL32.DLL+0x17034]
C  [ntdll.dll+0x52651]


---------------  P R O C E S S  ---------------

Threads class SMR info:
_java_thread_list=0x000001704ddc39c0, length=155, elements={
0x000001702d6dd800, 0x0000017047141800, 0x0000017047143000, 0x000001704715d800,
0x0000017047160800, 0x0000017047162000, 0x0000017047169000, 0x0000017047173000,
0x0000017047c4f000, 0x0000017047c64800, 0x0000017048ac4000, 0x000001704a08a800,
0x0000017048ccb000, 0x0000017047f8c000, 0x0000017049c47800, 0x0000017049437000,
0x0000017049c48800, 0x0000017047f9b000, 0x00000170490e9000, 0x0000017049119000,
0x000001704953b000, 0x0000017049540000, 0x000001704953e000, 0x000001704953f000,
0x0000017049540800, 0x0000017049541800, 0x000001704953b800, 0x000001704953c800,
0x000001704953d800, 0x0000017048924000, 0x000001704891e800, 0x0000017048920000,
0x0000017048923800, 0x0000017048925000, 0x0000017048922000, 0x000001704891f800,
0x0000017048926000, 0x0000017048926800, 0x0000017048927800, 0x0000017048928800,
0x0000017048922800, 0x000001704892a000, 0x000001704892b000, 0x0000017048929000,
0x000001704892b800, 0x000001704892c800, 0x000001704892d000, 0x000001704a2ce800,
0x000001704a2cf800, 0x000001704a2d0000, 0x000001704a2cd000, 0x000001704a2d1000,
0x000001704a2d2000, 0x000001704a2cc000, 0x000001704a2d2800, 0x000001704a2d3800,
0x000001704a2ce000, 0x000001704a2d4800, 0x000001704a2d8800, 0x000001704a2da000,
0x000001704a2d7800, 0x000001704a2d9000, 0x000001704a2db000, 0x000001704a2d7000,
0x000001704a2d5000, 0x000001704a2d6000, 0x0000017049e20000, 0x0000017049e23800,
0x0000017049e1d800, 0x0000017049e24000, 0x0000017049e21000, 0x0000017049e1e800,
0x0000017049e25000, 0x0000017049e1f800, 0x0000017049e26000, 0x0000017049e27800,
0x0000017049e22000, 0x0000017049e26800, 0x0000017049e28800, 0x0000017049e22800,
0x0000017049e2b800, 0x0000017049e2b000, 0x0000017049e29000, 0x0000017049e2c800,
0x0000017049e2a000, 0x00000170488ed800, 0x00000170488ec000, 0x00000170488ed000,
0x00000170488ea800, 0x00000170488e9800, 0x00000170488ee800, 0x00000170488ef000,
0x00000170488eb000, 0x00000170488f1800, 0x00000170488f2800, 0x00000170488f5800,
0x00000170488f1000, 0x00000170488f3800, 0x00000170488f0000, 0x00000170488f6800,
0x00000170488f7800, 0x00000170488f4000, 0x00000170488f8000, 0x00000170488f5000,
0x00000170495ab800, 0x00000170495aa800, 0x00000170495ac800, 0x00000170495ad000,
0x00000170495a8800, 0x00000170495af000, 0x00000170495aa000, 0x00000170495ae000,
0x00000170495a9000, 0x00000170495b3000, 0x00000170495af800, 0x00000170495b2000,
0x00000170495b0800, 0x00000170495b3800, 0x00000170495b7000, 0x00000170495b1800,
0x00000170495b4800, 0x00000170495b6000, 0x00000170495b5800, 0x0000017049eae000,
0x0000017049ead000, 0x0000017049eb0800, 0x0000017049eb2000, 0x0000017049eac800,
0x0000017049eb3000, 0x0000017049eb1000, 0x0000017049eaf800, 0x0000017049eae800,
0x0000017049eb6000, 0x0000017049eb9800, 0x0000017049eb5800, 0x0000017049eb8800,
0x0000017049eb3800, 0x0000017049eba000, 0x0000017049eb7000, 0x0000017049eb4800,
0x0000017049ebb000, 0x0000017049eb7800, 0x0000017047e4c000, 0x0000017047e4e800,
0x0000017047e4e000, 0x0000017047e4a800, 0x0000017047e4f800, 0x0000017047e4d000,
0x0000017047e4a000, 0x0000017047e4b800, 0x0000017047e50800, 0x000001704b8cd000,
0x000001704b8ca800, 0x000001704b8cc000, 0x000001704b8c9000
}

Java Threads: ( => current thread )
  0x000001702d6dd800 JavaThread "main" [_thread_blocked, id=7864, stack(0x0000004099f00000,0x000000409a000000)]
  0x0000017047141800 JavaThread "Reference Handler" daemon [_thread_blocked, id=8828, stack(0x000000409a600000,0x000000409a700000)]
  0x0000017047143000 JavaThread "Finalizer" daemon [_thread_blocked, id=2560, stack(0x000000409a700000,0x000000409a800000)]
  0x000001704715d800 JavaThread "Signal Dispatcher" daemon [_thread_blocked, id=9816, stack(0x000000409a800000,0x000000409a900000)]
  0x0000017047160800 JavaThread "Attach Listener" daemon [_thread_blocked, id=2468, stack(0x000000409a900000,0x000000409aa00000)]
=>0x0000017047162000 JavaThread "C2 CompilerThread0" daemon [_thread_in_native, id=10704, stack(0x000000409aa00000,0x000000409ab00000)]
  0x0000017047169000 JavaThread "C1 CompilerThread0" daemon [_thread_in_vm, id=5604, stack(0x000000409ab00000,0x000000409ac00000)]
  0x0000017047173000 JavaThread "Sweeper thread" daemon [_thread_blocked, id=7952, stack(0x000000409ac00000,0x000000409ad00000)]
  0x0000017047c4f000 JavaThread "Common-Cleaner" daemon [_thread_blocked, id=2536, stack(0x000000409ad00000,0x000000409ae00000)]
  0x0000017047c64800 JavaThread "Service Thread" daemon [_thread_blocked, id=8560, stack(0x000000409ae00000,0x000000409af00000)]
  0x0000017048ac4000 JavaThread "Daemon health stats" [_thread_blocked, id=15136, stack(0x000000409b000000,0x000000409b100000)]
  0x000001704a08a800 JavaThread "Incoming local TCP Connector on port 23496" [_thread_in_native, id=6544, stack(0x000000409b500000,0x000000409b600000)]
  0x0000017048ccb000 JavaThread "Daemon periodic checks" [_thread_blocked, id=6980, stack(0x000000409b600000,0x000000409b700000)]
  0x0000017047f8c000 JavaThread "Daemon" [_thread_blocked, id=12960, stack(0x000000409b700000,0x000000409b800000)]
  0x0000017049c47800 JavaThread "Handler for socket connection from /127.0.0.1:23496 to /127.0.0.1:23497" [_thread_in_native, id=1096, stack(0x000000409b800000,0x000000409b900000)]
  0x0000017049437000 JavaThread "Cancel handler" [_thread_blocked, id=7800, stack(0x000000409ba00000,0x000000409bb00000)]
  0x0000017049c48800 JavaThread "Daemon worker" [_thread_in_vm, id=11480, stack(0x000000409bb00000,0x000000409bc00000)]
  0x0000017047f9b000 JavaThread "Asynchronous log dispatcher for DefaultDaemonConnection: socket connection from /127.0.0.1:23496 to /127.0.0.1:23497" [_thread_blocked, id=10124, stack(0x000000409bc00000,0x000000409bd00000)]
  0x00000170490e9000 JavaThread "Stdin handler" [_thread_blocked, id=11232, stack(0x000000409bd00000,0x000000409be00000)]
  0x0000017049119000 JavaThread "Thread-8" [_thread_blocked, id=13784, stack(0x000000409be00000,0x000000409bf00000)]
  0x000001704953b000 JavaThread "Cache worker for file hash cache (C:\Users\Nikolay\.gradle\caches\6.7.1\fileHashes)" [_thread_blocked, id=7664, stack(0x000000409bf00000,0x000000409c000000)]
  0x0000017049540000 JavaThread "File lock request listener" [_thread_in_native, id=6708, stack(0x000000409c000000,0x000000409c100000)]
  0x000001704953e000 JavaThread "Cache worker for journal cache (C:\Users\Nikolay\.gradle\caches\journal-1)" [_thread_blocked, id=6528, stack(0x000000409c100000,0x000000409c200000)]
  0x000001704953f000 JavaThread "Cache worker for file hash cache (C:\Users\Nikolay\Documents\Android\ReclainTest\.gradle\6.7.1\fileHashes)" [_thread_blocked, id=8556, stack(0x000000409c200000,0x000000409c300000)]
  0x0000017049540800 JavaThread "Cache worker for checksums cache (C:\Users\Nikolay\Documents\Android\ReclainTest\.gradle\checksums)" [_thread_blocked, id=2732, stack(0x000000409c300000,0x000000409c400000)]
  0x0000017049541800 JavaThread "Cache worker for cache directory md-supplier (C:\Users\Nikolay\.gradle\caches\6.7.1\md-supplier)" [_thread_blocked, id=10056, stack(0x000000409c400000,0x000000409c500000)]
  0x000001704953b800 JavaThread "Cache worker for cache directory md-rule (C:\Users\Nikolay\.gradle\caches\6.7.1\md-rule)" [_thread_blocked, id=14348, stack(0x000000409c500000,0x000000409c600000)]
  0x000001704953c800 JavaThread "Cache worker for execution history cache (C:\Users\Nikolay\.gradle\caches\6.7.1\executionHistory)" [_thread_blocked, id=14116, stack(0x000000409c600000,0x000000409c700000)]
  0x000001704953d800 JavaThread "jar transforms" [_thread_blocked, id=10744, stack(0x000000409c700000,0x000000409c800000)]
  0x0000017048924000 JavaThread "Cache worker for file content cache (C:\Users\Nikolay\.gradle\caches\6.7.1\fileContent)" [_thread_blocked, id=5744, stack(0x000000409c800000,0x000000409c900000)]
  0x000001704891e800 JavaThread "Cache worker for Build Output Cleanup Cache (C:\Users\Nikolay\Documents\Android\ReclainTest\.gradle\buildOutputCleanup)" [_thread_blocked, id=6036, stack(0x000000409c900000,0x000000409ca00000)]
  0x0000017048920000 JavaThread "Build operations" [_thread_blocked, id=15904, stack(0x000000409ca00000,0x000000409cb00000)]
  0x0000017048923800 JavaThread "Build operations Thread 2" [_thread_blocked, id=11820, stack(0x000000409cb00000,0x000000409cc00000)]
  0x0000017048925000 JavaThread "Build operations Thread 3" [_thread_blocked, id=15224, stack(0x000000409cc00000,0x000000409cd00000)]
  0x0000017048922000 JavaThread "Build operations Thread 4" [_thread_blocked, id=15976, stack(0x000000409cd00000,0x000000409ce00000)]
  0x000001704891f800 JavaThread "jar transforms Thread 2" [_thread_blocked, id=13088, stack(0x000000409ce00000,0x000000409cf00000)]
  0x0000017048926000 JavaThread "jar transforms Thread 3" [_thread_blocked, id=8716, stack(0x000000409cf00000,0x000000409d000000)]
  0x0000017048926800 JavaThread "jar transforms Thread 4" [_thread_blocked, id=4700, stack(0x000000409d000000,0x000000409d100000)]
  0x0000017048927800 JavaThread "jar transforms Thread 5" [_thread_blocked, id=2360, stack(0x000000409d100000,0x000000409d200000)]
  0x0000017048928800 JavaThread "jar transforms Thread 6" [_thread_blocked, id=10376, stack(0x000000409d200000,0x000000409d300000)]
  0x0000017048922800 JavaThread "jar transforms Thread 7" [_thread_blocked, id=16056, stack(0x000000409d300000,0x000000409d400000)]
  0x000001704892a000 JavaThread "jar transforms Thread 8" [_thread_blocked, id=5932, stack(0x000000409d400000,0x000000409d500000)]
  0x000001704892b000 JavaThread "jar transforms Thread 9" [_thread_blocked, id=10312, stack(0x000000409d500000,0x000000409d600000)]
  0x0000017048929000 JavaThread "jar transforms Thread 10" [_thread_blocked, id=5200, stack(0x000000409d600000,0x000000409d700000)]
  0x000001704892b800 JavaThread "jar transforms Thread 11" [_thread_blocked, id=17180, stack(0x000000409d700000,0x000000409d800000)]
  0x000001704892c800 JavaThread "jar transforms Thread 12" [_thread_blocked, id=916, stack(0x000000409d800000,0x000000409d900000)]
  0x000001704892d000 JavaThread "jar transforms Thread 13" [_thread_blocked, id=15520, stack(0x000000409d900000,0x000000409da00000)]
  0x000001704a2ce800 JavaThread "jar transforms Thread 14" [_thread_blocked, id=12784, stack(0x000000409da00000,0x000000409db00000)]
  0x000001704a2cf800 JavaThread "jar transforms Thread 15" [_thread_blocked, id=8152, stack(0x000000409db00000,0x000000409dc00000)]
  0x000001704a2d0000 JavaThread "jar transforms Thread 16" [_thread_blocked, id=1240, stack(0x000000409dc00000,0x000000409dd00000)]
  0x000001704a2cd000 JavaThread "jar transforms Thread 17" [_thread_blocked, id=9880, stack(0x000000409dd00000,0x000000409de00000)]
  0x000001704a2d1000 JavaThread "jar transforms Thread 18" [_thread_blocked, id=6920, stack(0x000000409de00000,0x000000409df00000)]
  0x000001704a2d2000 JavaThread "jar transforms Thread 19" [_thread_blocked, id=16784, stack(0x000000409df00000,0x000000409e000000)]
  0x000001704a2cc000 JavaThread "jar transforms Thread 20" [_thread_blocked, id=2928, stack(0x000000409e000000,0x000000409e100000)]
  0x000001704a2d2800 JavaThread "jar transforms Thread 21" [_thread_blocked, id=5936, stack(0x000000409e100000,0x000000409e200000)]
  0x000001704a2d3800 JavaThread "jar transforms Thread 22" [_thread_blocked, id=15212, stack(0x000000409e200000,0x000000409e300000)]
  0x000001704a2ce000 JavaThread "jar transforms Thread 23" [_thread_blocked, id=17400, stack(0x000000409e300000,0x000000409e400000)]
  0x000001704a2d4800 JavaThread "jar transforms Thread 24" [_thread_blocked, id=12408, stack(0x000000409e400000,0x000000409e500000)]
  0x000001704a2d8800 JavaThread "jar transforms Thread 25" [_thread_blocked, id=196, stack(0x000000409e500000,0x000000409e600000)]
  0x000001704a2da000 JavaThread "jar transforms Thread 26" [_thread_blocked, id=5488, stack(0x000000409e600000,0x000000409e700000)]
  0x000001704a2d7800 JavaThread "jar transforms Thread 27" [_thread_blocked, id=3592, stack(0x000000409e700000,0x000000409e800000)]
  0x000001704a2d9000 JavaThread "jar transforms Thread 28" [_thread_blocked, id=6448, stack(0x000000409e800000,0x000000409e900000)]
  0x000001704a2db000 JavaThread "jar transforms Thread 29" [_thread_blocked, id=3608, stack(0x000000409e900000,0x000000409ea00000)]
  0x000001704a2d7000 JavaThread "jar transforms Thread 30" [_thread_blocked, id=1380, stack(0x000000409ea00000,0x000000409eb00000)]
  0x000001704a2d5000 JavaThread "jar transforms Thread 31" [_thread_blocked, id=14420, stack(0x000000409eb00000,0x000000409ec00000)]
  0x000001704a2d6000 JavaThread "jar transforms Thread 32" [_thread_blocked, id=6884, stack(0x000000409ec00000,0x000000409ed00000)]
  0x0000017049e20000 JavaThread "jar transforms Thread 33" [_thread_blocked, id=16440, stack(0x000000409ed00000,0x000000409ee00000)]
  0x0000017049e23800 JavaThread "jar transforms Thread 34" [_thread_blocked, id=5476, stack(0x000000409ee00000,0x000000409ef00000)]
  0x0000017049e1d800 JavaThread "jar transforms Thread 35" [_thread_blocked, id=12988, stack(0x000000409ef00000,0x000000409f000000)]
  0x0000017049e24000 JavaThread "jar transforms Thread 36" [_thread_blocked, id=13752, stack(0x000000409f000000,0x000000409f100000)]
  0x0000017049e21000 JavaThread "jar transforms Thread 37" [_thread_blocked, id=15592, stack(0x000000409f100000,0x000000409f200000)]
  0x0000017049e1e800 JavaThread "jar transforms Thread 38" [_thread_blocked, id=3432, stack(0x000000409f200000,0x000000409f300000)]
  0x0000017049e25000 JavaThread "jar transforms Thread 39" [_thread_blocked, id=11856, stack(0x000000409f300000,0x000000409f400000)]
  0x0000017049e1f800 JavaThread "jar transforms Thread 40" [_thread_blocked, id=14244, stack(0x000000409f400000,0x000000409f500000)]
  0x0000017049e26000 JavaThread "jar transforms Thread 41" [_thread_blocked, id=804, stack(0x000000409f500000,0x000000409f600000)]
  0x0000017049e27800 JavaThread "jar transforms Thread 42" [_thread_blocked, id=9884, stack(0x000000409f600000,0x000000409f700000)]
  0x0000017049e22000 JavaThread "jar transforms Thread 43" [_thread_blocked, id=15564, stack(0x000000409f700000,0x000000409f800000)]
  0x0000017049e26800 JavaThread "jar transforms Thread 44" [_thread_blocked, id=5948, stack(0x000000409f800000,0x000000409f900000)]
  0x0000017049e28800 JavaThread "jar transforms Thread 45" [_thread_blocked, id=11220, stack(0x000000409f900000,0x000000409fa00000)]
  0x0000017049e22800 JavaThread "jar transforms Thread 46" [_thread_blocked, id=15964, stack(0x000000409fa00000,0x000000409fb00000)]
  0x0000017049e2b800 JavaThread "jar transforms Thread 47" [_thread_blocked, id=12764, stack(0x000000409fb00000,0x000000409fc00000)]
  0x0000017049e2b000 JavaThread "jar transforms Thread 48" [_thread_blocked, id=16644, stack(0x000000409fc00000,0x000000409fd00000)]
  0x0000017049e29000 JavaThread "jar transforms Thread 49" [_thread_blocked, id=1996, stack(0x000000409fd00000,0x000000409fe00000)]
  0x0000017049e2c800 JavaThread "jar transforms Thread 50" [_thread_blocked, id=6016, stack(0x000000409fe00000,0x000000409ff00000)]
  0x0000017049e2a000 JavaThread "jar transforms Thread 51" [_thread_blocked, id=16664, stack(0x000000409ff00000,0x00000040a0000000)]
  0x00000170488ed800 JavaThread "jar transforms Thread 52" [_thread_blocked, id=11848, stack(0x00000040a0000000,0x00000040a0100000)]
  0x00000170488ec000 JavaThread "jar transforms Thread 53" [_thread_blocked, id=956, stack(0x00000040a0100000,0x00000040a0200000)]
  0x00000170488ed000 JavaThread "jar transforms Thread 54" [_thread_blocked, id=9804, stack(0x00000040a0200000,0x00000040a0300000)]
  0x00000170488ea800 JavaThread "jar transforms Thread 55" [_thread_blocked, id=7596, stack(0x00000040a0300000,0x00000040a0400000)]
  0x00000170488e9800 JavaThread "jar transforms Thread 56" [_thread_blocked, id=9012, stack(0x00000040a0400000,0x00000040a0500000)]
  0x00000170488ee800 JavaThread "jar transforms Thread 57" [_thread_blocked, id=16768, stack(0x00000040a0500000,0x00000040a0600000)]
  0x00000170488ef000 JavaThread "jar transforms Thread 58" [_thread_blocked, id=14720, stack(0x00000040a0600000,0x00000040a0700000)]
  0x00000170488eb000 JavaThread "jar transforms Thread 59" [_thread_blocked, id=13400, stack(0x00000040a0700000,0x00000040a0800000)]
  0x00000170488f1800 JavaThread "jar transforms Thread 60" [_thread_blocked, id=12576, stack(0x00000040a0800000,0x00000040a0900000)]
  0x00000170488f2800 JavaThread "jar transforms Thread 61" [_thread_blocked, id=10556, stack(0x00000040a0900000,0x00000040a0a00000)]
  0x00000170488f5800 JavaThread "jar transforms Thread 62" [_thread_blocked, id=14676, stack(0x00000040a0a00000,0x00000040a0b00000)]
  0x00000170488f1000 JavaThread "jar transforms Thread 63" [_thread_blocked, id=7936, stack(0x00000040a0b00000,0x00000040a0c00000)]
  0x00000170488f3800 JavaThread "jar transforms Thread 64" [_thread_blocked, id=12508, stack(0x00000040a0c00000,0x00000040a0d00000)]
  0x00000170488f0000 JavaThread "jar transforms Thread 65" [_thread_blocked, id=1688, stack(0x00000040a0d00000,0x00000040a0e00000)]
  0x00000170488f6800 JavaThread "jar transforms Thread 66" [_thread_blocked, id=15584, stack(0x00000040a0e00000,0x00000040a0f00000)]
  0x00000170488f7800 JavaThread "jar transforms Thread 67" [_thread_blocked, id=12088, stack(0x00000040a0f00000,0x00000040a1000000)]
  0x00000170488f4000 JavaThread "jar transforms Thread 68" [_thread_blocked, id=16988, stack(0x00000040a1000000,0x00000040a1100000)]
  0x00000170488f8000 JavaThread "jar transforms Thread 69" [_thread_blocked, id=13068, stack(0x00000040a1100000,0x00000040a1200000)]
  0x00000170488f5000 JavaThread "jar transforms Thread 70" [_thread_blocked, id=16836, stack(0x00000040a1200000,0x00000040a1300000)]
  0x00000170495ab800 JavaThread "jar transforms Thread 71" [_thread_blocked, id=15512, stack(0x00000040a1300000,0x00000040a1400000)]
  0x00000170495aa800 JavaThread "jar transforms Thread 72" [_thread_blocked, id=9432, stack(0x00000040a1400000,0x00000040a1500000)]
  0x00000170495ac800 JavaThread "jar transforms Thread 73" [_thread_blocked, id=3188, stack(0x00000040a1500000,0x00000040a1600000)]
  0x00000170495ad000 JavaThread "jar transforms Thread 74" [_thread_blocked, id=14108, stack(0x00000040a1600000,0x00000040a1700000)]
  0x00000170495a8800 JavaThread "jar transforms Thread 75" [_thread_blocked, id=9332, stack(0x00000040a1700000,0x00000040a1800000)]
  0x00000170495af000 JavaThread "jar transforms Thread 76" [_thread_blocked, id=2232, stack(0x00000040a1800000,0x00000040a1900000)]
  0x00000170495aa000 JavaThread "jar transforms Thread 77" [_thread_blocked, id=1496, stack(0x00000040a1900000,0x00000040a1a00000)]
  0x00000170495ae000 JavaThread "jar transforms Thread 78" [_thread_blocked, id=12720, stack(0x00000040a1a00000,0x00000040a1b00000)]
  0x00000170495a9000 JavaThread "jar transforms Thread 79" [_thread_blocked, id=3052, stack(0x00000040a1b00000,0x00000040a1c00000)]
  0x00000170495b3000 JavaThread "jar transforms Thread 80" [_thread_blocked, id=10624, stack(0x00000040a1c00000,0x00000040a1d00000)]
  0x00000170495af800 JavaThread "jar transforms Thread 81" [_thread_blocked, id=17184, stack(0x00000040a1d00000,0x00000040a1e00000)]
  0x00000170495b2000 JavaThread "jar transforms Thread 82" [_thread_blocked, id=2600, stack(0x00000040a1e00000,0x00000040a1f00000)]
  0x00000170495b0800 JavaThread "jar transforms Thread 83" [_thread_blocked, id=10684, stack(0x00000040a1f00000,0x00000040a2000000)]
  0x00000170495b3800 JavaThread "jar transforms Thread 84" [_thread_blocked, id=4652, stack(0x00000040a2000000,0x00000040a2100000)]
  0x00000170495b7000 JavaThread "jar transforms Thread 85" [_thread_blocked, id=6008, stack(0x00000040a2100000,0x00000040a2200000)]
  0x00000170495b1800 JavaThread "jar transforms Thread 86" [_thread_blocked, id=14132, stack(0x00000040a2200000,0x00000040a2300000)]
  0x00000170495b4800 JavaThread "jar transforms Thread 87" [_thread_blocked, id=15516, stack(0x00000040a2300000,0x00000040a2400000)]
  0x00000170495b6000 JavaThread "jar transforms Thread 88" [_thread_blocked, id=17248, stack(0x00000040a2400000,0x00000040a2500000)]
  0x00000170495b5800 JavaThread "jar transforms Thread 89" [_thread_blocked, id=16648, stack(0x00000040a2500000,0x00000040a2600000)]
  0x0000017049eae000 JavaThread "jar transforms Thread 90" [_thread_blocked, id=6680, stack(0x00000040a2600000,0x00000040a2700000)]
  0x0000017049ead000 JavaThread "jar transforms Thread 91" [_thread_blocked, id=15388, stack(0x00000040a2700000,0x00000040a2800000)]
  0x0000017049eb0800 JavaThread "jar transforms Thread 92" [_thread_blocked, id=11192, stack(0x00000040a2800000,0x00000040a2900000)]
  0x0000017049eb2000 JavaThread "jar transforms Thread 93" [_thread_blocked, id=17284, stack(0x00000040a2900000,0x00000040a2a00000)]
  0x0000017049eac800 JavaThread "jar transforms Thread 94" [_thread_blocked, id=12420, stack(0x00000040a2a00000,0x00000040a2b00000)]
  0x0000017049eb3000 JavaThread "jar transforms Thread 95" [_thread_blocked, id=2248, stack(0x00000040a2b00000,0x00000040a2c00000)]
  0x0000017049eb1000 JavaThread "jar transforms Thread 96" [_thread_blocked, id=1564, stack(0x00000040a2c00000,0x00000040a2d00000)]
  0x0000017049eaf800 JavaThread "jar transforms Thread 97" [_thread_blocked, id=5828, stack(0x00000040a2d00000,0x00000040a2e00000)]
  0x0000017049eae800 JavaThread "jar transforms Thread 98" [_thread_blocked, id=8376, stack(0x00000040a2e00000,0x00000040a2f00000)]
  0x0000017049eb6000 JavaThread "jar transforms Thread 99" [_thread_blocked, id=10548, stack(0x00000040a2f00000,0x00000040a3000000)]
  0x0000017049eb9800 JavaThread "jar transforms Thread 100" [_thread_blocked, id=3280, stack(0x00000040a3000000,0x00000040a3100000)]
  0x0000017049eb5800 JavaThread "jar transforms Thread 101" [_thread_blocked, id=16360, stack(0x00000040a3100000,0x00000040a3200000)]
  0x0000017049eb8800 JavaThread "jar transforms Thread 102" [_thread_blocked, id=6460, stack(0x00000040a3200000,0x00000040a3300000)]
  0x0000017049eb3800 JavaThread "jar transforms Thread 103" [_thread_blocked, id=16728, stack(0x00000040a3300000,0x00000040a3400000)]
  0x0000017049eba000 JavaThread "jar transforms Thread 104" [_thread_blocked, id=3872, stack(0x00000040a3400000,0x00000040a3500000)]
  0x0000017049eb7000 JavaThread "jar transforms Thread 105" [_thread_blocked, id=11476, stack(0x00000040a3500000,0x00000040a3600000)]
  0x0000017049eb4800 JavaThread "jar transforms Thread 106" [_thread_blocked, id=6624, stack(0x00000040a3600000,0x00000040a3700000)]
  0x0000017049ebb000 JavaThread "jar transforms Thread 107" [_thread_blocked, id=16248, stack(0x00000040a3700000,0x00000040a3800000)]
  0x0000017049eb7800 JavaThread "jar transforms Thread 108" [_thread_blocked, id=14996, stack(0x00000040a3800000,0x00000040a3900000)]
  0x0000017047e4c000 JavaThread "jar transforms Thread 109" [_thread_blocked, id=14984, stack(0x00000040a3900000,0x00000040a3a00000)]
  0x0000017047e4e800 JavaThread "jar transforms Thread 110" [_thread_blocked, id=15400, stack(0x00000040a3a00000,0x00000040a3b00000)]
  0x0000017047e4e000 JavaThread "jar transforms Thread 111" [_thread_blocked, id=17000, stack(0x00000040a3b00000,0x00000040a3c00000)]
  0x0000017047e4a800 JavaThread "jar transforms Thread 112" [_thread_blocked, id=13472, stack(0x00000040a3c00000,0x00000040a3d00000)]
  0x0000017047e4f800 JavaThread "jar transforms Thread 113" [_thread_blocked, id=2740, stack(0x00000040a3d00000,0x00000040a3e00000)]
  0x0000017047e4d000 JavaThread "jar transforms Thread 114" [_thread_blocked, id=11496, stack(0x00000040a3e00000,0x00000040a3f00000)]
  0x0000017047e4a000 JavaThread "jar transforms Thread 115" [_thread_blocked, id=3208, stack(0x00000040a3f00000,0x00000040a4000000)]
  0x0000017047e4b800 JavaThread "jar transforms Thread 116" [_thread_blocked, id=10828, stack(0x00000040a4000000,0x00000040a4100000)]
  0x0000017047e50800 JavaThread "jar transforms Thread 117" [_thread_blocked, id=15772, stack(0x00000040a4100000,0x00000040a4200000)]
  0x000001704b8cd000 JavaThread "jar transforms Thread 118" [_thread_blocked, id=8088, stack(0x00000040a4200000,0x00000040a4300000)]
  0x000001704b8ca800 JavaThread "jar transforms Thread 119" [_thread_blocked, id=11924, stack(0x00000040a4300000,0x00000040a4400000)]
  0x000001704b8cc000 JavaThread "jar transforms Thread 120" [_thread_blocked, id=704, stack(0x00000040a4400000,0x00000040a4500000)]
  0x000001704b8c9000 JavaThread "Memory manager" [_thread_blocked, id=13800, stack(0x00000040a4500000,0x00000040a4600000)]

Other Threads:
  0x0000017047138800 VMThread "VM Thread" [stack: 0x000000409a500000,0x000000409a600000] [id=7724]
  0x0000017047c65800 WatcherThread [stack: 0x000000409af00000,0x000000409b000000] [id=8052]
  0x000001702d6f5800 GCTaskThread "GC Thread#0" [stack: 0x000000409a000000,0x000000409a100000] [id=11384]
  0x0000017048326800 GCTaskThread "GC Thread#1" [stack: 0x000000409b100000,0x000000409b200000] [id=11280]
  0x0000017048327000 GCTaskThread "GC Thread#2" [stack: 0x000000409b200000,0x000000409b300000] [id=9304]
  0x0000017049e33800 GCTaskThread "GC Thread#3" [stack: 0x000000409b900000,0x000000409ba00000] [id=10700]
  0x000001702d728800 ConcurrentGCThread "G1 Main Marker" [stack: 0x000000409a100000,0x000000409a200000] [id=14300]
  0x000001702d72a000 ConcurrentGCThread "G1 Conc#0" [stack: 0x000000409a200000,0x000000409a300000] [id=9996]
  0x000001702d7b5800 ConcurrentGCThread "G1 Refine#0" [stack: 0x000000409a300000,0x000000409a400000] [id=16720]
  0x000001702d7b6800 ConcurrentGCThread "G1 Young RemSet Sampling" [stack: 0x000000409a400000,0x000000409a500000] [id=16500]

Threads with active compile tasks:
C2 CompilerThread0  31413 5852       4       java.net.URLClassLoader$1::run (5 bytes)

VM state:not at safepoint (normal execution)

VM Mutex/Monitor currently owned by a thread: None

Heap address: 0x0000000080000000, size: 2048 MB, Compressed Oops mode: 32-bit
Narrow klass base: 0x0000000000000000, Narrow klass shift: 3
Compressed class space size: 1073741824 Address: 0x0000000100000000

Heap:
 garbage-first heap   total 129024K, used 91645K [0x0000000080000000, 0x0000000100000000)
  region size 1024K, 41 young (41984K), 1 survivors (1024K)
 Metaspace       used 61814K, capacity 63375K, committed 63612K, reserved 1103872K
  class space    used 7818K, capacity 8345K, committed 8448K, reserved 1048576K
Heap Regions: E=young(eden), S=young(survivor), O=old, HS=humongous(starts), HC=humongous(continues), CS=collection set, F=free, A=archive, TAMS=top-at-mark-start (previous, next)
|   0|0x0000000080000000, 0x0000000080100000, 0x0000000080100000|100%| O|  |TAMS 0x0000000080100000, 0x0000000080000000| Untracked 
|   1|0x0000000080100000, 0x0000000080200000, 0x0000000080200000|100%| O|  |TAMS 0x0000000080200000, 0x0000000080100000| Untracked 
|   2|0x0000000080200000, 0x0000000080300000, 0x0000000080300000|100%| O|  |TAMS 0x0000000080300000, 0x0000000080200000| Untracked 
|   3|0x0000000080300000, 0x0000000080400000, 0x0000000080400000|100%|HS|  |TAMS 0x0000000080400000, 0x0000000080300000| Complete 
|   4|0x0000000080400000, 0x0000000080500000, 0x0000000080500000|100%|HC|  |TAMS 0x0000000080500000, 0x0000000080400000| Complete 
|   5|0x0000000080500000, 0x0000000080600000, 0x0000000080600000|100%|HC|  |TAMS 0x0000000080600000, 0x0000000080500000| Complete 
|   6|0x0000000080600000, 0x0000000080700000, 0x0000000080700000|100%| O|  |TAMS 0x0000000080700000, 0x0000000080600000| Untracked 
|   7|0x0000000080700000, 0x0000000080800000, 0x0000000080800000|100%| O|  |TAMS 0x0000000080800000, 0x0000000080700000| Untracked 
|   8|0x0000000080800000, 0x0000000080900000, 0x0000000080900000|100%| O|  |TAMS 0x0000000080900000, 0x0000000080800000| Untracked 
|   9|0x0000000080900000, 0x0000000080a00000, 0x0000000080a00000|100%| O|  |TAMS 0x0000000080a00000, 0x0000000080900000| Untracked 
|  10|0x0000000080a00000, 0x0000000080b00000, 0x0000000080b00000|100%| O|  |TAMS 0x0000000080b00000, 0x0000000080a00000| Untracked 
|  11|0x0000000080b00000, 0x0000000080c00000, 0x0000000080c00000|100%| O|  |TAMS 0x0000000080c00000, 0x0000000080b00000| Untracked 
|  12|0x0000000080c00000, 0x0000000080d00000, 0x0000000080d00000|100%| O|  |TAMS 0x0000000080d00000, 0x0000000080c00000| Untracked 
|  13|0x0000000080d00000, 0x0000000080e00000, 0x0000000080e00000|100%| O|  |TAMS 0x0000000080e00000, 0x0000000080d00000| Untracked 
|  14|0x0000000080e00000, 0x0000000080f00000, 0x0000000080f00000|100%| O|  |TAMS 0x0000000080f00000, 0x0000000080e00000| Untracked 
|  15|0x0000000080f00000, 0x0000000081000000, 0x0000000081000000|100%| O|  |TAMS 0x0000000081000000, 0x0000000080f00000| Untracked 
|  16|0x0000000081000000, 0x0000000081100000, 0x0000000081100000|100%| O|  |TAMS 0x0000000081100000, 0x0000000081000000| Untracked 
|  17|0x0000000081100000, 0x0000000081200000, 0x0000000081200000|100%| O|  |TAMS 0x0000000081200000, 0x0000000081100000| Untracked 
|  18|0x0000000081200000, 0x0000000081300000, 0x0000000081300000|100%| O|  |TAMS 0x0000000081300000, 0x0000000081200000| Untracked 
|  19|0x0000000081300000, 0x0000000081400000, 0x0000000081400000|100%|HS|  |TAMS 0x0000000081400000, 0x0000000081300000| Complete 
|  20|0x0000000081400000, 0x0000000081500000, 0x0000000081500000|100%| O|  |TAMS 0x0000000081500000, 0x0000000081400000| Untracked 
|  21|0x0000000081500000, 0x0000000081600000, 0x0000000081600000|100%| O|  |TAMS 0x0000000081600000, 0x0000000081500000| Untracked 
|  22|0x0000000081600000, 0x0000000081700000, 0x0000000081700000|100%|HS|  |TAMS 0x0000000081700000, 0x0000000081600000| Complete 
|  23|0x0000000081700000, 0x0000000081800000, 0x0000000081800000|100%|HS|  |TAMS 0x0000000081800000, 0x0000000081700000| Complete 
|  24|0x0000000081800000, 0x0000000081900000, 0x0000000081900000|100%|HC|  |TAMS 0x0000000081900000, 0x0000000081800000| Complete 
|  25|0x0000000081900000, 0x0000000081a00000, 0x0000000081a00000|100%|HC|  |TAMS 0x0000000081a00000, 0x0000000081900000| Complete 
|  26|0x0000000081a00000, 0x0000000081b00000, 0x0000000081b00000|100%|HS|  |TAMS 0x0000000081b00000, 0x0000000081a00000| Complete 
|  27|0x0000000081b00000, 0x0000000081c00000, 0x0000000081c00000|100%|HC|  |TAMS 0x0000000081c00000, 0x0000000081b00000| Complete 
|  28|0x0000000081c00000, 0x0000000081d00000, 0x0000000081d00000|100%| O|  |TAMS 0x0000000081d00000, 0x0000000081c00000| Untracked 
|  29|0x0000000081d00000, 0x0000000081e00000, 0x0000000081e00000|100%| O|  |TAMS 0x0000000081e00000, 0x0000000081d00000| Untracked 
|  30|0x0000000081e00000, 0x0000000081f00000, 0x0000000081f00000|100%| O|  |TAMS 0x0000000081f00000, 0x0000000081e00000| Untracked 
|  31|0x0000000081f00000, 0x0000000082000000, 0x0000000082000000|100%| O|  |TAMS 0x0000000082000000, 0x0000000081f00000| Untracked 
|  32|0x0000000082000000, 0x0000000082100000, 0x0000000082100000|100%| O|  |TAMS 0x0000000082100000, 0x0000000082000000| Untracked 
|  33|0x0000000082100000, 0x0000000082200000, 0x0000000082200000|100%| O|  |TAMS 0x0000000082200000, 0x0000000082100000| Untracked 
|  34|0x0000000082200000, 0x0000000082300000, 0x0000000082300000|100%| O|  |TAMS 0x0000000082300000, 0x0000000082200000| Untracked 
|  35|0x0000000082300000, 0x0000000082400000, 0x0000000082400000|100%| O|  |TAMS 0x0000000082400000, 0x0000000082300000| Untracked 
|  36|0x0000000082400000, 0x0000000082500000, 0x0000000082500000|100%| O|  |TAMS 0x0000000082500000, 0x0000000082400000| Untracked 
|  37|0x0000000082500000, 0x0000000082600000, 0x0000000082600000|100%| O|  |TAMS 0x0000000082600000, 0x0000000082500000| Untracked 
|  38|0x0000000082600000, 0x0000000082700000, 0x0000000082700000|100%| O|  |TAMS 0x0000000082700000, 0x0000000082600000| Untracked 
|  39|0x0000000082700000, 0x0000000082800000, 0x0000000082800000|100%| O|  |TAMS 0x0000000082800000, 0x0000000082700000| Untracked 
|  40|0x0000000082800000, 0x0000000082900000, 0x0000000082900000|100%| O|  |TAMS 0x0000000082900000, 0x0000000082800000| Untracked 
|  41|0x0000000082900000, 0x0000000082a00000, 0x0000000082a00000|100%| O|  |TAMS 0x0000000082a00000, 0x0000000082900000| Untracked 
|  42|0x0000000082a00000, 0x0000000082b00000, 0x0000000082b00000|100%| O|  |TAMS 0x0000000082b00000, 0x0000000082a00000| Untracked 
|  43|0x0000000082b00000, 0x0000000082c00000, 0x0000000082c00000|100%| O|  |TAMS 0x0000000082c00000, 0x0000000082b00000| Untracked 
|  44|0x0000000082c00000, 0x0000000082d00000, 0x0000000082d00000|100%| O|  |TAMS 0x0000000082d00000, 0x0000000082c00000| Untracked 
|  45|0x0000000082d00000, 0x0000000082e00000, 0x0000000082e00000|100%| O|  |TAMS 0x0000000082e00000, 0x0000000082d00000| Untracked 
|  46|0x0000000082e00000, 0x0000000082f00000, 0x0000000082f00000|100%| O|  |TAMS 0x0000000082f00000, 0x0000000082e00000| Untracked 
|  47|0x0000000082f00000, 0x0000000083000000, 0x0000000083000000|100%| O|  |TAMS 0x0000000083000000, 0x0000000082f00000| Untracked 
|  48|0x0000000083000000, 0x000000008309dc00, 0x0000000083100000| 61%| O|  |TAMS 0x000000008309dc00, 0x0000000083000000| Untracked 
|  49|0x0000000083100000, 0x0000000083200000, 0x0000000083200000|100%|HS|  |TAMS 0x0000000083100000, 0x0000000083100000| Complete 
|  50|0x0000000083200000, 0x0000000083200000, 0x0000000083300000|  0%| F|  |TAMS 0x0000000083200000, 0x0000000083200000| Untracked 
|  51|0x0000000083300000, 0x0000000083300000, 0x0000000083400000|  0%| F|  |TAMS 0x0000000083300000, 0x0000000083300000| Untracked 
|  52|0x0000000083400000, 0x0000000083400000, 0x0000000083500000|  0%| F|  |TAMS 0x0000000083400000, 0x0000000083400000| Untracked 
|  53|0x0000000083500000, 0x0000000083500000, 0x0000000083600000|  0%| F|  |TAMS 0x0000000083500000, 0x0000000083500000| Untracked 
|  54|0x0000000083600000, 0x0000000083600000, 0x0000000083700000|  0%| F|  |TAMS 0x0000000083600000, 0x0000000083600000| Untracked 
|  55|0x0000000083700000, 0x0000000083700000, 0x0000000083800000|  0%| F|  |TAMS 0x0000000083700000, 0x0000000083700000| Untracked 
|  56|0x0000000083800000, 0x0000000083800000, 0x0000000083900000|  0%| F|  |TAMS 0x0000000083800000, 0x0000000083800000| Untracked 
|  57|0x0000000083900000, 0x0000000083900000, 0x0000000083a00000|  0%| F|  |TAMS 0x0000000083900000, 0x0000000083900000| Untracked 
|  58|0x0000000083a00000, 0x0000000083a00000, 0x0000000083b00000|  0%| F|  |TAMS 0x0000000083a00000, 0x0000000083a00000| Untracked 
|  59|0x0000000083b00000, 0x0000000083b00000, 0x0000000083c00000|  0%| F|  |TAMS 0x0000000083b00000, 0x0000000083b00000| Untracked 
|  60|0x0000000083c00000, 0x0000000083c00000, 0x0000000083d00000|  0%| F|  |TAMS 0x0000000083c00000, 0x0000000083c00000| Untracked 
|  61|0x0000000083d00000, 0x0000000083d00000, 0x0000000083e00000|  0%| F|  |TAMS 0x0000000083d00000, 0x0000000083d00000| Untracked 
|  62|0x0000000083e00000, 0x0000000083e00000, 0x0000000083f00000|  0%| F|  |TAMS 0x0000000083e00000, 0x0000000083e00000| Untracked 
|  63|0x0000000083f00000, 0x0000000083f00000, 0x0000000084000000|  0%| F|  |TAMS 0x0000000083f00000, 0x0000000083f00000| Untracked 
|  64|0x0000000084000000, 0x0000000084000000, 0x0000000084100000|  0%| F|  |TAMS 0x0000000084000000, 0x0000000084000000| Untracked 
|  65|0x0000000084100000, 0x0000000084100000, 0x0000000084200000|  0%| F|  |TAMS 0x0000000084100000, 0x0000000084100000| Untracked 
|  66|0x0000000084200000, 0x0000000084200000, 0x0000000084300000|  0%| F|  |TAMS 0x0000000084200000, 0x0000000084200000| Untracked 
|  67|0x0000000084300000, 0x0000000084300000, 0x0000000084400000|  0%| F|  |TAMS 0x0000000084300000, 0x0000000084300000| Untracked 
|  68|0x0000000084400000, 0x0000000084400000, 0x0000000084500000|  0%| F|  |TAMS 0x0000000084400000, 0x0000000084400000| Untracked 
|  69|0x0000000084500000, 0x0000000084500000, 0x0000000084600000|  0%| F|  |TAMS 0x0000000084500000, 0x0000000084500000| Untracked 
|  70|0x0000000084600000, 0x0000000084600000, 0x0000000084700000|  0%| F|  |TAMS 0x0000000084600000, 0x0000000084600000| Untracked 
|  71|0x0000000084700000, 0x0000000084700000, 0x0000000084800000|  0%| F|  |TAMS 0x0000000084700000, 0x0000000084700000| Untracked 
|  72|0x0000000084800000, 0x0000000084800000, 0x0000000084900000|  0%| F|  |TAMS 0x0000000084800000, 0x0000000084800000| Untracked 
|  73|0x0000000084900000, 0x0000000084900000, 0x0000000084a00000|  0%| F|  |TAMS 0x0000000084900000, 0x0000000084900000| Untracked 
|  74|0x0000000084a00000, 0x0000000084a00000, 0x0000000084b00000|  0%| F|  |TAMS 0x0000000084a00000, 0x0000000084a00000| Untracked 
|  75|0x0000000084b00000, 0x0000000084b00000, 0x0000000084c00000|  0%| F|  |TAMS 0x0000000084b00000, 0x0000000084b00000| Untracked 
|  76|0x0000000084c00000, 0x0000000084c00000, 0x0000000084d00000|  0%| F|  |TAMS 0x0000000084c00000, 0x0000000084c00000| Untracked 
|  77|0x0000000084d00000, 0x0000000084d00000, 0x0000000084e00000|  0%| F|  |TAMS 0x0000000084d00000, 0x0000000084d00000| Untracked 
|  78|0x0000000084e00000, 0x0000000084e00000, 0x0000000084f00000|  0%| F|  |TAMS 0x0000000084e00000, 0x0000000084e00000| Untracked 
|  79|0x0000000084f00000, 0x0000000084f00000, 0x0000000085000000|  0%| F|  |TAMS 0x0000000084f00000, 0x0000000084f00000| Untracked 
|  80|0x0000000085000000, 0x0000000085000000, 0x0000000085100000|  0%| F|  |TAMS 0x0000000085000000, 0x0000000085000000| Untracked 
|  81|0x0000000085100000, 0x0000000085100000, 0x0000000085200000|  0%| F|  |TAMS 0x0000000085100000, 0x0000000085100000| Untracked 
|  82|0x0000000085200000, 0x0000000085200000, 0x0000000085300000|  0%| F|  |TAMS 0x0000000085200000, 0x0000000085200000| Untracked 
|  83|0x0000000085300000, 0x0000000085300000, 0x0000000085400000|  0%| F|  |TAMS 0x0000000085300000, 0x0000000085300000| Untracked 
|  84|0x0000000085400000, 0x0000000085400000, 0x0000000085500000|  0%| F|  |TAMS 0x0000000085400000, 0x0000000085400000| Untracked 
|  85|0x0000000085500000, 0x0000000085580800, 0x0000000085600000| 50%| E|  |TAMS 0x0000000085500000, 0x0000000085500000| Complete 
|  86|0x0000000085600000, 0x0000000085700000, 0x0000000085700000|100%| E|CS|TAMS 0x0000000085600000, 0x0000000085600000| Complete 
|  87|0x0000000085700000, 0x0000000085800000, 0x0000000085800000|100%| E|CS|TAMS 0x0000000085700000, 0x0000000085700000| Complete 
|  88|0x0000000085800000, 0x0000000085900000, 0x0000000085900000|100%| E|CS|TAMS 0x0000000085800000, 0x0000000085800000| Complete 
|  89|0x0000000085900000, 0x0000000085a00000, 0x0000000085a00000|100%| E|CS|TAMS 0x0000000085900000, 0x0000000085900000| Complete 
|  90|0x0000000085a00000, 0x0000000085b00000, 0x0000000085b00000|100%| E|CS|TAMS 0x0000000085a00000, 0x0000000085a00000| Complete 
|  91|0x0000000085b00000, 0x0000000085c00000, 0x0000000085c00000|100%| E|CS|TAMS 0x0000000085b00000, 0x0000000085b00000| Complete 
|  92|0x0000000085c00000, 0x0000000085d00000, 0x0000000085d00000|100%| E|CS|TAMS 0x0000000085c00000, 0x0000000085c00000| Complete 
|  93|0x0000000085d00000, 0x0000000085e00000, 0x0000000085e00000|100%| E|CS|TAMS 0x0000000085d00000, 0x0000000085d00000| Complete 
|  94|0x0000000085e00000, 0x0000000085f00000, 0x0000000085f00000|100%| E|CS|TAMS 0x0000000085e00000, 0x0000000085e00000| Complete 
|  95|0x0000000085f00000, 0x0000000086000000, 0x0000000086000000|100%| E|CS|TAMS 0x0000000085f00000, 0x0000000085f00000| Complete 
|  96|0x0000000086000000, 0x0000000086100000, 0x0000000086100000|100%| E|CS|TAMS 0x0000000086000000, 0x0000000086000000| Complete 
|  97|0x0000000086100000, 0x0000000086200000, 0x0000000086200000|100%| E|CS|TAMS 0x0000000086100000, 0x0000000086100000| Complete 
|  98|0x0000000086200000, 0x0000000086300000, 0x0000000086300000|100%| E|CS|TAMS 0x0000000086200000, 0x0000000086200000| Complete 
|  99|0x0000000086300000, 0x0000000086400000, 0x0000000086400000|100%| E|CS|TAMS 0x0000000086300000, 0x0000000086300000| Complete 
| 100|0x0000000086400000, 0x0000000086500000, 0x0000000086500000|100%| E|CS|TAMS 0x0000000086400000, 0x0000000086400000| Complete 
| 101|0x0000000086500000, 0x0000000086600000, 0x0000000086600000|100%| E|CS|TAMS 0x0000000086500000, 0x0000000086500000| Complete 
| 102|0x0000000086600000, 0x0000000086700000, 0x0000000086700000|100%| E|CS|TAMS 0x0000000086600000, 0x0000000086600000| Complete 
| 103|0x0000000086700000, 0x0000000086800000, 0x0000000086800000|100%| E|CS|TAMS 0x0000000086700000, 0x0000000086700000| Complete 
| 104|0x0000000086800000, 0x0000000086900000, 0x0000000086900000|100%| E|CS|TAMS 0x0000000086800000, 0x0000000086800000| Complete 
| 105|0x0000000086900000, 0x0000000086a00000, 0x0000000086a00000|100%| E|CS|TAMS 0x0000000086900000, 0x0000000086900000| Complete 
| 106|0x0000000086a00000, 0x0000000086b00000, 0x0000000086b00000|100%| E|CS|TAMS 0x0000000086a00000, 0x0000000086a00000| Complete 
| 107|0x0000000086b00000, 0x0000000086c00000, 0x0000000086c00000|100%| E|CS|TAMS 0x0000000086b00000, 0x0000000086b00000| Complete 
| 108|0x0000000086c00000, 0x0000000086d00000, 0x0000000086d00000|100%| E|CS|TAMS 0x0000000086c00000, 0x0000000086c00000| Complete 
| 109|0x0000000086d00000, 0x0000000086e00000, 0x0000000086e00000|100%| E|CS|TAMS 0x0000000086d00000, 0x0000000086d00000| Complete 
| 110|0x0000000086e00000, 0x0000000086f00000, 0x0000000086f00000|100%| E|CS|TAMS 0x0000000086e00000, 0x0000000086e00000| Complete 
| 111|0x0000000086f00000, 0x0000000087000000, 0x0000000087000000|100%| E|CS|TAMS 0x0000000086f00000, 0x0000000086f00000| Complete 
| 112|0x0000000087000000, 0x0000000087100000, 0x0000000087100000|100%| E|CS|TAMS 0x0000000087000000, 0x0000000087000000| Complete 
| 113|0x0000000087100000, 0x0000000087200000, 0x0000000087200000|100%| E|CS|TAMS 0x0000000087100000, 0x0000000087100000| Complete 
| 114|0x0000000087200000, 0x0000000087300000, 0x0000000087300000|100%| E|CS|TAMS 0x0000000087200000, 0x0000000087200000| Complete 
| 115|0x0000000087300000, 0x0000000087400000, 0x0000000087400000|100%| E|CS|TAMS 0x0000000087300000, 0x0000000087300000| Complete 
| 116|0x0000000087400000, 0x0000000087500000, 0x0000000087500000|100%| E|CS|TAMS 0x0000000087400000, 0x0000000087400000| Complete 
| 117|0x0000000087500000, 0x00000000875e18e0, 0x0000000087600000| 88%| S|CS|TAMS 0x0000000087500000, 0x0000000087500000| Complete 
| 118|0x0000000087600000, 0x0000000087700000, 0x0000000087700000|100%| E|CS|TAMS 0x0000000087600000, 0x0000000087600000| Complete 
| 119|0x0000000087700000, 0x0000000087800000, 0x0000000087800000|100%| E|CS|TAMS 0x0000000087700000, 0x0000000087700000| Complete 
| 120|0x0000000087800000, 0x0000000087900000, 0x0000000087900000|100%| E|CS|TAMS 0x0000000087800000, 0x0000000087800000| Complete 
| 121|0x0000000087900000, 0x0000000087a00000, 0x0000000087a00000|100%| E|CS|TAMS 0x0000000087900000, 0x0000000087900000| Complete 
| 122|0x0000000087a00000, 0x0000000087b00000, 0x0000000087b00000|100%| E|CS|TAMS 0x0000000087a00000, 0x0000000087a00000| Complete 
| 123|0x0000000087b00000, 0x0000000087c00000, 0x0000000087c00000|100%| E|CS|TAMS 0x0000000087b00000, 0x0000000087b00000| Complete 
| 124|0x0000000087c00000, 0x0000000087d00000, 0x0000000087d00000|100%| E|CS|TAMS 0x0000000087c00000, 0x0000000087c00000| Complete 
| 125|0x0000000087d00000, 0x0000000087e00000, 0x0000000087e00000|100%| E|CS|TAMS 0x0000000087d00000, 0x0000000087d00000| Complete 

Card table byte_map: [0x0000017040460000,0x0000017040860000] _byte_map_base: 0x0000017040060000

Marking Bits (Prev, Next): (CMBitMap*) 0x000001702d71fe00, (CMBitMap*) 0x000001702d71fdc8
 Prev Bits: [0x0000017042c60000, 0x0000017044c60000)
 Next Bits: [0x0000017040c60000, 0x0000017042c60000)

Polling page: 0x000001702cec0000

Metaspace:

Usage:
  Non-class:     53.74 MB capacity,    52.73 MB ( 98%) used,   891.52 KB (  2%) free+waste,   142.38 KB ( <1%) overhead. 
      Class:      8.15 MB capacity,     7.63 MB ( 94%) used,   460.30 KB (  6%) free+waste,    66.50 KB ( <1%) overhead. 
       Both:     61.89 MB capacity,    60.37 MB ( 98%) used,     1.32 MB (  2%) free+waste,   208.88 KB ( <1%) overhead. 

Virtual space:
  Non-class space:       54.00 MB reserved,      53.87 MB (>99%) committed 
      Class space:        1.00 GB reserved,       8.25 MB ( <1%) committed 
             Both:        1.05 GB reserved,      62.12 MB (  6%) committed 

Chunk freelists:
   Non-Class:  6.00 KB
       Class:  7.00 KB
        Both:  13.00 KB

MaxMetaspaceSize: 17179869184.00 GB
CompressedClassSpaceSize: 1.00 GB

CodeHeap 'non-profiled nmethods': size=120064Kb used=3000Kb max_used=3000Kb free=117063Kb
 bounds [0x0000017038b20000, 0x0000017038e10000, 0x0000017040060000]
CodeHeap 'profiled nmethods': size=120000Kb used=12246Kb max_used=12246Kb free=107753Kb
 bounds [0x00000170315f0000, 0x00000170321f0000, 0x0000017038b20000]
CodeHeap 'non-nmethods': size=5696Kb used=2234Kb max_used=2274Kb free=3461Kb
 bounds [0x0000017031060000, 0x00000170312d0000, 0x00000170315f0000]
 total_blobs=6485 nmethods=5670 adapters=725
 compilation: enabled
              stopped_count=0, restarted_count=0
 full_count=0

Compilation events (20 events):
Event: 31.298 Thread 0x0000017047169000 5905       3       java.util.LinkedHashMap::<init> (12 bytes)
Event: 31.298 Thread 0x0000017047169000 nmethod 5905 0x00000170321d6210 code [0x00000170321d63c0, 0x00000170321d6508]
Event: 31.304 Thread 0x0000017047169000 5906       3       groovyjarjarasm.asm.SymbolTable::hash (10 bytes)
Event: 31.304 Thread 0x0000017047169000 nmethod 5906 0x00000170321d6590 code [0x00000170321d6740, 0x00000170321d6868]
Event: 31.304 Thread 0x0000017047169000 5907       3       groovyjarjarasm.asm.ByteVector::putByte (39 bytes)
Event: 31.304 Thread 0x0000017047169000 nmethod 5907 0x00000170321d6990 code [0x00000170321d6b60, 0x00000170321d6d48]
Event: 31.305 Thread 0x0000017047169000 5908       3       groovyjarjarasm.asm.Frame::merge (322 bytes)
Event: 31.306 Thread 0x0000017047169000 nmethod 5908 0x00000170321d6e90 code [0x00000170321d70c0, 0x00000170321d79e8]
Event: 31.310 Thread 0x0000017047169000 5909       3       java.util.HashSet::<init> (18 bytes)
Event: 31.310 Thread 0x0000017047169000 nmethod 5909 0x00000170321d7c10 code [0x00000170321d7e00, 0x00000170321d8188]
Event: 31.311 Thread 0x0000017047169000 5910       3       groovyjarjarasm.asm.ByteVector::putUTF8 (144 bytes)
Event: 31.312 Thread 0x0000017047169000 nmethod 5910 0x00000170321d8310 code [0x00000170321d85a0, 0x00000170321d90c8]
Event: 31.312 Thread 0x0000017047169000 5911       3       groovyjarjarasm.asm.Frame::execute (2318 bytes)
Event: 31.320 Thread 0x0000017047169000 nmethod 5911 0x00000170321d9610 code [0x00000170321da380, 0x00000170321e0ab8]
Event: 31.320 Thread 0x0000017047169000 5913       3       groovyjarjarasm.asm.ByteVector::putShort (52 bytes)
Event: 31.321 Thread 0x0000017047169000 nmethod 5913 0x00000170321e2790 code [0x00000170321e2960, 0x00000170321e2b68]
Event: 31.321 Thread 0x0000017047169000 5912       3       groovyjarjarasm.asm.Symbol::<init> (38 bytes)
Event: 31.321 Thread 0x0000017047169000 nmethod 5912 0x00000170321e2c90 code [0x00000170321e2e40, 0x00000170321e30d8]
Event: 31.344 Thread 0x0000017047169000 5914       3       jdk.internal.module.IllegalAccessLogger::illegalAccessLogger (4 bytes)
Event: 31.345 Thread 0x0000017047169000 nmethod 5914 0x00000170321e3210 code [0x00000170321e33c0, 0x00000170321e34b8]

GC Heap History (20 events):
Event: 2.641 GC heap before
{Heap before GC invocations=2 (full 0):
 garbage-first heap   total 129024K, used 36474K [0x0000000080000000, 0x0000000100000000)
  region size 1024K, 29 young (29696K), 1 survivors (1024K)
 Metaspace       used 11026K, capacity 11324K, committed 11520K, reserved 1058816K
  class space    used 1146K, capacity 1201K, committed 1280K, reserved 1048576K
}
Event: 2.646 GC heap after
{Heap after GC invocations=3 (full 0):
 garbage-first heap   total 129024K, used 13244K [0x0000000080000000, 0x0000000100000000)
  region size 1024K, 4 young (4096K), 4 survivors (4096K)
 Metaspace       used 11026K, capacity 11324K, committed 11520K, reserved 1058816K
  class space    used 1146K, capacity 1201K, committed 1280K, reserved 1048576K
}
Event: 7.554 GC heap before
{Heap before GC invocations=3 (full 0):
 garbage-first heap   total 129024K, used 55228K [0x0000000080000000, 0x0000000100000000)
  region size 1024K, 45 young (46080K), 4 survivors (4096K)
 Metaspace       used 18951K, capacity 19393K, committed 19584K, reserved 1067008K
  class space    used 2282K, capacity 2394K, committed 2432K, reserved 1048576K
}
Event: 7.569 GC heap after
{Heap after GC invocations=4 (full 0):
 garbage-first heap   total 129024K, used 16018K [0x0000000080000000, 0x0000000100000000)
  region size 1024K, 3 young (3072K), 3 survivors (3072K)
 Metaspace       used 18951K, capacity 19393K, committed 19584K, reserved 1067008K
  class space    used 2282K, capacity 2394K, committed 2432K, reserved 1048576K
}
Event: 8.271 GC heap before
{Heap before GC invocations=4 (full 0):
 garbage-first heap   total 129024K, used 28306K [0x0000000080000000, 0x0000000100000000)
  region size 1024K, 16 young (16384K), 3 survivors (3072K)
 Metaspace       used 20615K, capacity 21131K, committed 21296K, reserved 1069056K
  class space    used 2519K, capacity 2680K, committed 2688K, reserved 1048576K
}
Event: 8.279 GC heap after
{Heap after GC invocations=5 (full 0):
 garbage-first heap   total 129024K, used 16615K [0x0000000080000000, 0x0000000100000000)
  region size 1024K, 4 young (4096K), 4 survivors (4096K)
 Metaspace       used 20615K, capacity 21131K, committed 21296K, reserved 1069056K
  class space    used 2519K, capacity 2680K, committed 2688K, reserved 1048576K
}
Event: 11.525 GC heap before
{Heap before GC invocations=6 (full 0):
 garbage-first heap   total 129024K, used 64743K [0x0000000080000000, 0x0000000100000000)
  region size 1024K, 51 young (52224K), 4 survivors (4096K)
 Metaspace       used 25947K, capacity 26569K, committed 26928K, reserved 1073152K
  class space    used 3380K, capacity 3602K, committed 3712K, reserved 1048576K
}
Event: 11.533 GC heap after
{Heap after GC invocations=7 (full 0):
 garbage-first heap   total 129024K, used 18436K [0x0000000080000000, 0x0000000100000000)
  region size 1024K, 6 young (6144K), 6 survivors (6144K)
 Metaspace       used 25947K, capacity 26569K, committed 26928K, reserved 1073152K
  class space    used 3380K, capacity 3602K, committed 3712K, reserved 1048576K
}
Event: 15.422 GC heap before
{Heap before GC invocations=7 (full 0):
 garbage-first heap   total 129024K, used 68612K [0x0000000080000000, 0x0000000100000000)
  region size 1024K, 56 young (57344K), 6 survivors (6144K)
 Metaspace       used 34924K, capacity 35634K, committed 35708K, reserved 1081344K
  class space    used 4534K, capacity 4817K, committed 4864K, reserved 1048576K
}
Event: 15.438 GC heap after
{Heap after GC invocations=8 (full 0):
 garbage-first heap   total 129024K, used 21741K [0x0000000080000000, 0x0000000100000000)
  region size 1024K, 6 young (6144K), 6 survivors (6144K)
 Metaspace       used 34924K, capacity 35634K, committed 35708K, reserved 1081344K
  class space    used 4534K, capacity 4817K, committed 4864K, reserved 1048576K
}
Event: 18.077 GC heap before
{Heap before GC invocations=9 (full 0):
 garbage-first heap   total 129024K, used 92397K [0x0000000080000000, 0x0000000100000000)
  region size 1024K, 72 young (73728K), 6 survivors (6144K)
 Metaspace       used 41260K, capacity 42210K, committed 42364K, reserved 1085440K
  class space    used 5268K, capacity 5574K, committed 5632K, reserved 1048576K
}
Event: 18.097 GC heap after
{Heap after GC invocations=10 (full 0):
 garbage-first heap   total 129024K, used 25819K [0x0000000080000000, 0x0000000100000000)
  region size 1024K, 8 young (8192K), 8 survivors (8192K)
 Metaspace       used 41260K, capacity 42210K, committed 42364K, reserved 1085440K
  class space    used 5268K, capacity 5574K, committed 5632K, reserved 1048576K
}
Event: 21.939 GC heap before
{Heap before GC invocations=10 (full 0):
 garbage-first heap   total 129024K, used 89307K [0x0000000080000000, 0x0000000100000000)
  region size 1024K, 71 young (72704K), 8 survivors (8192K)
 Metaspace       used 44620K, capacity 45645K, committed 45948K, reserved 1089536K
  class space    used 5698K, capacity 6060K, committed 6144K, reserved 1048576K
}
Event: 21.954 GC heap after
{Heap after GC invocations=11 (full 0):
 garbage-first heap   total 129024K, used 29920K [0x0000000080000000, 0x0000000100000000)
  region size 1024K, 9 young (9216K), 9 survivors (9216K)
 Metaspace       used 44620K, capacity 45645K, committed 45948K, reserved 1089536K
  class space    used 5698K, capacity 6060K, committed 6144K, reserved 1048576K
}
Event: 25.820 GC heap before
{Heap before GC invocations=11 (full 0):
 garbage-first heap   total 129024K, used 100576K [0x0000000080000000, 0x0000000100000000)
  region size 1024K, 72 young (73728K), 9 survivors (9216K)
 Metaspace       used 51048K, capacity 52282K, committed 52348K, reserved 1095680K
  class space    used 6463K, capacity 6871K, committed 6912K, reserved 1048576K
}
Event: 25.837 GC heap after
{Heap after GC invocations=12 (full 0):
 garbage-first heap   total 129024K, used 45027K [0x0000000080000000, 0x0000000100000000)
  region size 1024K, 9 young (9216K), 9 survivors (9216K)
 Metaspace       used 51048K, capacity 52282K, committed 52348K, reserved 1095680K
  class space    used 6463K, capacity 6871K, committed 6912K, reserved 1048576K
}
Event: 28.494 GC heap before
{Heap before GC invocations=12 (full 0):
 garbage-first heap   total 129024K, used 96227K [0x0000000080000000, 0x0000000100000000)
  region size 1024K, 59 young (60416K), 9 survivors (9216K)
 Metaspace       used 57670K, capacity 59143K, committed 59260K, reserved 1101824K
  class space    used 7321K, capacity 7843K, committed 7936K, reserved 1048576K
}
Event: 28.508 GC heap after
{Heap after GC invocations=13 (full 0):
 garbage-first heap   total 129024K, used 49792K [0x0000000080000000, 0x0000000100000000)
  region size 1024K, 5 young (5120K), 5 survivors (5120K)
 Metaspace       used 57670K, capacity 59143K, committed 59260K, reserved 1101824K
  class space    used 7321K, capacity 7843K, committed 7936K, reserved 1048576K
}
Event: 28.771 GC heap before
{Heap before GC invocations=13 (full 0):
 garbage-first heap   total 129024K, used 56960K [0x0000000080000000, 0x0000000100000000)
  region size 1024K, 13 young (13312K), 5 survivors (5120K)
 Metaspace       used 58416K, capacity 59878K, committed 59940K, reserved 1101824K
  class space    used 7407K, capacity 7916K, committed 7936K, reserved 1048576K
}
Event: 28.780 GC heap after
{Heap after GC invocations=14 (full 0):
 garbage-first heap   total 129024K, used 50685K [0x0000000080000000, 0x0000000100000000)
  region size 1024K, 1 young (1024K), 1 survivors (1024K)
 Metaspace       used 58416K, capacity 59878K, committed 59940K, reserved 1101824K
  class space    used 7407K, capacity 7916K, committed 7936K, reserved 1048576K
}

Deoptimization events (20 events):
Event: 31.045 Thread 0x0000017049c48800 Uncommon trap: trap_request=0xffffff4d fr.pc=0x0000017038df5f4c relative=0x000000000000148c
Event: 31.045 Thread 0x0000017049c48800 Uncommon trap: reason=unstable_if action=reinterpret pc=0x0000017038df5f4c method=java.util.concurrent.ConcurrentHashMap.putVal(Ljava/lang/Object;Ljava/lang/Object;Z)Ljava/lang/Object; @ 245 c2
Event: 31.045 Thread 0x0000017049c48800 DEOPT PACKING pc=0x0000017038df5f4c sp=0x000000409bbf8b00
Event: 31.045 Thread 0x0000017049c48800 DEOPT UNPACKING pc=0x00000170310874af sp=0x000000409bbf8a88 mode 2
Event: 31.230 Thread 0x0000017049c48800 Uncommon trap: trap_request=0xffffffc6 fr.pc=0x0000017038db47b4 relative=0x0000000000003f74
Event: 31.230 Thread 0x0000017049c48800 Uncommon trap: reason=bimorphic_or_optimized_type_check action=maybe_recompile pc=0x0000017038db47b4 method=java.util.Arrays.binarySearch0([Ljava/lang/Object;IILjava/lang/Object;Ljava/util/Comparator;)I @ 48 c2
Event: 31.230 Thread 0x0000017049c48800 DEOPT PACKING pc=0x0000017038db47b4 sp=0x000000409bbf8e80
Event: 31.230 Thread 0x0000017049c48800 DEOPT UNPACKING pc=0x00000170310874af sp=0x000000409bbf8e80 mode 2
Event: 31.230 Thread 0x0000017049c48800 Uncommon trap: trap_request=0xffffffc6 fr.pc=0x0000017038db47b4 relative=0x0000000000003f74
Event: 31.230 Thread 0x0000017049c48800 Uncommon trap: reason=bimorphic_or_optimized_type_check action=maybe_recompile pc=0x0000017038db47b4 method=java.util.Arrays.binarySearch0([Ljava/lang/Object;IILjava/lang/Object;Ljava/util/Comparator;)I @ 48 c2
Event: 31.230 Thread 0x0000017049c48800 DEOPT PACKING pc=0x0000017038db47b4 sp=0x000000409bbf8dd0
Event: 31.230 Thread 0x0000017049c48800 DEOPT UNPACKING pc=0x00000170310874af sp=0x000000409bbf8dd0 mode 2
Event: 31.230 Thread 0x0000017049c48800 Uncommon trap: trap_request=0xffffffc6 fr.pc=0x0000017038db47b4 relative=0x0000000000003f74
Event: 31.230 Thread 0x0000017049c48800 Uncommon trap: reason=bimorphic_or_optimized_type_check action=maybe_recompile pc=0x0000017038db47b4 method=java.util.Arrays.binarySearch0([Ljava/lang/Object;IILjava/lang/Object;Ljava/util/Comparator;)I @ 48 c2
Event: 31.230 Thread 0x0000017049c48800 DEOPT PACKING pc=0x0000017038db47b4 sp=0x000000409bbf8dd0
Event: 31.230 Thread 0x0000017049c48800 DEOPT UNPACKING pc=0x00000170310874af sp=0x000000409bbf8dd0 mode 2
Event: 31.230 Thread 0x0000017049c48800 Uncommon trap: trap_request=0xffffffc6 fr.pc=0x0000017038db47b4 relative=0x0000000000003f74
Event: 31.230 Thread 0x0000017049c48800 Uncommon trap: reason=bimorphic_or_optimized_type_check action=maybe_recompile pc=0x0000017038db47b4 method=java.util.Arrays.binarySearch0([Ljava/lang/Object;IILjava/lang/Object;Ljava/util/Comparator;)I @ 48 c2
Event: 31.230 Thread 0x0000017049c48800 DEOPT PACKING pc=0x0000017038db47b4 sp=0x000000409bbf8dd0
Event: 31.230 Thread 0x0000017049c48800 DEOPT UNPACKING pc=0x00000170310874af sp=0x000000409bbf8dd0 mode 2

Classes redefined (0 events):
No events

Internal exceptions (20 events):
Event: 31.179 Thread 0x0000017049c48800 Exception <a 'java/lang/ClassNotFoundException'{0x0000000085a78750}: org/gradle/api/internal/artifacts/ivyservice/ivyresolve/strategy/ExactVersionSelectorBeanInfo> (0x0000000085a78750) thrown at [./src/hotspot/share/classfile/systemDictionary.cpp, line 231]
Event: 31.190 Thread 0x0000017049c48800 Exception <a 'java/lang/ClassNotFoundException'{0x0000000085aba098}: org/gradle/api/internal/artifacts/ivyservice/ivyresolve/strategy/AbstractStringVersionSelectorBeanInfo> (0x0000000085aba098) thrown at [./src/hotspot/share/classfile/systemDictionary.cpp, line 231]
Event: 31.194 Thread 0x0000017049c48800 Exception <a 'java/lang/ClassNotFoundException'{0x0000000085af8a78}: org/gradle/api/internal/artifacts/ivyservice/ivyresolve/strategy/AbstractVersionSelectorBeanInfo> (0x0000000085af8a78) thrown at [./src/hotspot/share/classfile/systemDictionary.cpp, line 231]
Event: 31.206 Thread 0x0000017049c48800 Exception <a 'java/lang/ClassNotFoundException'{0x0000000085938e28}: org/gradle/api/internal/artifacts/ivyservice/ivyresolve/strategy/AbstractVersionSelectorCustomizer> (0x0000000085938e28) thrown at [./src/hotspot/share/classfile/systemDictionary.cpp, line 231]
Event: 31.220 Thread 0x0000017049c48800 Exception <a 'java/lang/ClassNotFoundException'{0x0000000085981560}: org/gradle/api/internal/artifacts/ivyservice/ivyresolve/strategy/AbstractStringVersionSelectorCustomizer> (0x0000000085981560) thrown at [./src/hotspot/share/classfile/systemDictionary.cpp, line 231]
Event: 31.224 Thread 0x0000017049c48800 Exception <a 'java/lang/ClassNotFoundException'{0x00000000859c60e8}: org/gradle/api/internal/artifacts/ivyservice/ivyresolve/strategy/ExactVersionSelectorCustomizer> (0x00000000859c60e8) thrown at [./src/hotspot/share/classfile/systemDictionary.cpp, line 231]
Event: 31.232 Thread 0x0000017049c48800 Exception <a 'java/lang/ClassNotFoundException'{0x0000000085823938}: com/onesignal/androidsdk/GradleProjectPluginBeanInfo> (0x0000000085823938) thrown at [./src/hotspot/share/classfile/systemDictionary.cpp, line 231]
Event: 31.233 Thread 0x0000017049c48800 Exception <a 'java/lang/ClassNotFoundException'{0x0000000085838d60}: com/onesignal/androidsdk/GradleProjectPluginCustomizer> (0x0000000085838d60) thrown at [./src/hotspot/share/classfile/systemDictionary.cpp, line 231]
Event: 31.276 Thread 0x0000017049c48800 Exception <a 'java/lang/ClassNotFoundException'{0x000000008571fb98}: org/gradle/internal/logging/slf4j/OutputEventListenerBackedLoggerBeanInfo> (0x000000008571fb98) thrown at [./src/hotspot/share/classfile/systemDictionary.cpp, line 231]
Event: 31.291 Thread 0x0000017049c48800 Exception <a 'java/lang/ClassNotFoundException'{0x000000008574a588}: org/gradle/internal/logging/slf4j/BuildOperationAwareLoggerBeanInfo> (0x000000008574a588) thrown at [./src/hotspot/share/classfile/systemDictionary.cpp, line 231]
Event: 31.294 Thread 0x0000017049c48800 Exception <a 'java/lang/ClassNotFoundException'{0x0000000085775280}: org/gradle/internal/logging/slf4j/BuildOperationAwareLoggerCustomizer> (0x0000000085775280) thrown at [./src/hotspot/share/classfile/systemDictionary.cpp, line 231]
Event: 31.296 Thread 0x0000017049c48800 Exception <a 'java/lang/ClassNotFoundException'{0x00000000857a70e0}: org/gradle/internal/logging/slf4j/OutputEventListenerBackedLoggerCustomizer> (0x00000000857a70e0) thrown at [./src/hotspot/share/classfile/systemDictionary.cpp, line 231]
Event: 31.308 Thread 0x0000017049c48800 Exception <a 'java/lang/ClassNotFoundException'{0x0000000085614220}: com/onesignal/androidsdk/InternalUtilsBeanInfo> (0x0000000085614220) thrown at [./src/hotspot/share/classfile/systemDictionary.cpp, line 231]
Event: 31.309 Thread 0x0000017049c48800 Exception <a 'java/lang/ClassNotFoundException'{0x0000000085627f38}: com/onesignal/androidsdk/InternalUtilsCustomizer> (0x0000000085627f38) thrown at [./src/hotspot/share/classfile/systemDictionary.cpp, line 231]
Event: 31.322 Thread 0x0000017049c48800 Exception <a 'java/lang/ClassNotFoundException'{0x0000000085661738}: java/io/ByteArrayOutputStreamBeanInfo> (0x0000000085661738) thrown at [./src/hotspot/share/classfile/systemDictionary.cpp, line 231]
Event: 31.322 Thread 0x0000017049c48800 Exception <a 'java/lang/ClassNotFoundException'{0x000000008566c570}: java/io/OutputStreamBeanInfo> (0x000000008566c570) thrown at [./src/hotspot/share/classfile/systemDictionary.cpp, line 231]
Event: 31.323 Thread 0x0000017049c48800 Exception <a 'java/lang/ClassNotFoundException'{0x0000000085677490}: java/io/OutputStreamCustomizer> (0x0000000085677490) thrown at [./src/hotspot/share/classfile/systemDictionary.cpp, line 231]
Event: 31.324 Thread 0x0000017049c48800 Exception <a 'java/lang/ClassNotFoundException'{0x00000000856866c0}: java/io/ByteArrayOutputStreamCustomizer> (0x00000000856866c0) thrown at [./src/hotspot/share/classfile/systemDictionary.cpp, line 231]
Event: 31.345 Thread 0x0000017049c48800 Exception <a 'java/lang/ClassNotFoundException'{0x00000000856b0cc8}: java/io/ObjectOutputStreamBeanInfo> (0x00000000856b0cc8) thrown at [./src/hotspot/share/classfile/systemDictionary.cpp, line 231]
Event: 31.346 Thread 0x0000017049c48800 Exception <a 'java/lang/ClassNotFoundException'{0x00000000856bc410}: java/io/ObjectOutputStreamCustomizer> (0x00000000856bc410) thrown at [./src/hotspot/share/classfile/systemDictionary.cpp, line 231]

Events (20 events):
Event: 31.324 loading class java/io/ByteArrayOutputStreamCustomizer
Event: 31.324 loading class java/io/ByteArrayOutputStreamCustomizer done
Event: 31.343 loading class groovy/runtime/metaclass/java/io/ObjectOutputStreamMetaClass
Event: 31.343 loading class groovy/runtime/metaclass/java/io/ObjectOutputStreamMetaClass done
Event: 31.344 loading class java/io/ObjectOutputStream$PutField
Event: 31.344 loading class java/io/ObjectOutputStream$PutField done
Event: 31.345 loading class java/io/ObjectOutputStreamBeanInfo
Event: 31.345 loading class java/io/ObjectOutputStreamBeanInfo done
Event: 31.345 loading class java/io/ObjectOutputStreamBeanInfo
Event: 31.345 loading class java/io/ObjectOutputStreamBeanInfo done
Event: 31.345 loading class java/io/ObjectOutputStreamCustomizer
Event: 31.345 loading class java/io/ObjectOutputStreamCustomizer done
Event: 31.346 loading class java/io/ObjectOutputStreamCustomizer
Event: 31.346 loading class java/io/ObjectOutputStreamCustomizer done
Event: 31.347 loading class java/io/SerializablePermission
Event: 31.347 loading class java/io/SerializablePermission done
Event: 31.347 loading class java/io/ObjectOutputStream$PutFieldImpl
Event: 31.348 loading class java/io/ObjectOutputStream$PutFieldImpl done
Event: 31.348 loading class java/io/ObjectOutputStream$DebugTraceInfoStack
Event: 31.348 loading class java/io/ObjectOutputStream$DebugTraceInfoStack done


Dynamic libraries:
0x00007ff6eb780000 - 0x00007ff6eb78a000 	C:\Program Files\Android\Android Studio\jre\bin\java.exe
0x00007ffb474d0000 - 0x00007ffb476c5000 	C:\WINDOWS\SYSTEM32\ntdll.dll
0x00007ffb46d10000 - 0x00007ffb46dcd000 	C:\WINDOWS\System32\KERNEL32.DLL
0x00007ffb44da0000 - 0x00007ffb45069000 	C:\WINDOWS\System32\KERNELBASE.dll
0x00007ffb45070000 - 0x00007ffb45170000 	C:\WINDOWS\System32\ucrtbase.dll
0x00007ffb3a7f0000 - 0x00007ffb3a807000 	C:\Program Files\Android\Android Studio\jre\bin\VCRUNTIME140.dll
0x00007ffb3f120000 - 0x00007ffb3f139000 	C:\Program Files\Android\Android Studio\jre\bin\jli.dll
0x00007ffb45a30000 - 0x00007ffb45bd0000 	C:\WINDOWS\System32\USER32.dll
0x00007ffb45170000 - 0x00007ffb45192000 	C:\WINDOWS\System32\win32u.dll
0x00007ffb46ce0000 - 0x00007ffb46d0a000 	C:\WINDOWS\System32\GDI32.dll
0x00007ffb45230000 - 0x00007ffb4533b000 	C:\WINDOWS\System32\gdi32full.dll
0x00007ffb454a0000 - 0x00007ffb4553d000 	C:\WINDOWS\System32\msvcp_win.dll
0x00007ffb30b70000 - 0x00007ffb30e0a000 	C:\WINDOWS\WinSxS\amd64_microsoft.windows.common-controls_6595b64144ccf1df_6.0.19041.1110_none_60b5254171f9507e\COMCTL32.dll
0x00007ffb45830000 - 0x00007ffb458ce000 	C:\WINDOWS\System32\msvcrt.dll
0x00007ffb45a00000 - 0x00007ffb45a30000 	C:\WINDOWS\System32\IMM32.DLL
0x00007ffb2d870000 - 0x00007ffb2d90d000 	C:\Program Files\Android\Android Studio\jre\bin\msvcp140.dll
0x00007ffb0ca70000 - 0x00007ffb0d52c000 	C:\Program Files\Android\Android Studio\jre\bin\server\jvm.dll
0x00007ffb46dd0000 - 0x00007ffb46e7c000 	C:\WINDOWS\System32\ADVAPI32.dll
0x00007ffb45650000 - 0x00007ffb456eb000 	C:\WINDOWS\System32\sechost.dll
0x00007ffb458d0000 - 0x00007ffb459fa000 	C:\WINDOWS\System32\RPCRT4.dll
0x00007ffb47200000 - 0x00007ffb47208000 	C:\WINDOWS\System32\PSAPI.DLL
0x00007ffb30b40000 - 0x00007ffb30b67000 	C:\WINDOWS\SYSTEM32\WINMM.dll
0x00007ffb3b4c0000 - 0x00007ffb3b4ca000 	C:\WINDOWS\SYSTEM32\VERSION.dll
0x00007ffb30850000 - 0x00007ffb30859000 	C:\WINDOWS\SYSTEM32\WSOCK32.dll
0x00007ffb47420000 - 0x00007ffb4748b000 	C:\WINDOWS\System32\WS2_32.dll
0x00007ffb434c0000 - 0x00007ffb434d2000 	C:\WINDOWS\SYSTEM32\kernel.appcore.dll
0x00007ffb3d8e0000 - 0x00007ffb3d8f1000 	C:\Program Files\Android\Android Studio\jre\bin\verify.dll
0x00007ffb42820000 - 0x00007ffb42a04000 	C:\WINDOWS\SYSTEM32\DBGHELP.DLL
0x00007ffb3dee0000 - 0x00007ffb3df0c000 	C:\WINDOWS\SYSTEM32\dbgcore.DLL
0x00007ffb44c10000 - 0x00007ffb44c93000 	C:\WINDOWS\System32\bcryptPrimitives.dll
0x00007ffb33360000 - 0x00007ffb33389000 	C:\Program Files\Android\Android Studio\jre\bin\java.dll
0x00007ffb3cfe0000 - 0x00007ffb3cfeb000 	C:\Program Files\Android\Android Studio\jre\bin\jimage.dll
0x00007ffb2bba0000 - 0x00007ffb2bbb8000 	C:\Program Files\Android\Android Studio\jre\bin\zip.dll
0x00007ffb45f90000 - 0x00007ffb466cf000 	C:\WINDOWS\System32\SHELL32.dll
0x00007ffb42a10000 - 0x00007ffb431a1000 	C:\WINDOWS\SYSTEM32\windows.storage.dll
0x00007ffb45bd0000 - 0x00007ffb45f25000 	C:\WINDOWS\System32\combase.dll
0x00007ffb444d0000 - 0x00007ffb444fc000 	C:\WINDOWS\SYSTEM32\Wldp.dll
0x00007ffb455a0000 - 0x00007ffb4564e000 	C:\WINDOWS\System32\SHCORE.dll
0x00007ffb47110000 - 0x00007ffb47165000 	C:\WINDOWS\System32\shlwapi.dll
0x00007ffb44b50000 - 0x00007ffb44b6f000 	C:\WINDOWS\SYSTEM32\profapi.dll
0x00007ffb2b920000 - 0x00007ffb2b93a000 	C:\Program Files\Android\Android Studio\jre\bin\net.dll
0x00007ffb3c030000 - 0x00007ffb3c13a000 	C:\WINDOWS\SYSTEM32\WINHTTP.dll
0x00007ffb442b0000 - 0x00007ffb4431a000 	C:\WINDOWS\system32\mswsock.dll
0x00007ffb2b5f0000 - 0x00007ffb2b604000 	C:\Program Files\Android\Android Studio\jre\bin\nio.dll
0x00007ffb3f860000 - 0x00007ffb3f887000 	C:\Users\Nikolay\.gradle\native\fdc75f09e3144964f2cf3f50f0aa648679c211496f362492102eb8c894070792\windows-amd64\native-platform.dll
0x00007ffb294d0000 - 0x00007ffb29666000 	C:\Users\Nikolay\.gradle\native\12488b8bf47d2d4c9fbf2f6322a914ad602e24e48041cd04a747c6da556b65c4\windows-amd64\native-platform-file-events.dll
0x00007ffb3a160000 - 0x00007ffb3a16a000 	C:\Program Files\Android\Android Studio\jre\bin\management.dll
0x00007ffb39f00000 - 0x00007ffb39f0c000 	C:\Program Files\Android\Android Studio\jre\bin\management_ext.dll
0x00007ffb44510000 - 0x00007ffb44528000 	C:\WINDOWS\SYSTEM32\CRYPTSP.dll
0x00007ffb43c70000 - 0x00007ffb43ca4000 	C:\WINDOWS\system32\rsaenh.dll
0x00007ffb45200000 - 0x00007ffb45227000 	C:\WINDOWS\System32\bcrypt.dll
0x00007ffb44ad0000 - 0x00007ffb44afe000 	C:\WINDOWS\SYSTEM32\USERENV.dll
0x00007ffb44430000 - 0x00007ffb4443c000 	C:\WINDOWS\SYSTEM32\CRYPTBASE.dll
0x00007ffb43fc0000 - 0x00007ffb43ffb000 	C:\WINDOWS\SYSTEM32\IPHLPAPI.DLL
0x00007ffb46e80000 - 0x00007ffb46e88000 	C:\WINDOWS\System32\NSI.dll
0x00007ffb3db80000 - 0x00007ffb3db97000 	C:\WINDOWS\SYSTEM32\dhcpcsvc6.DLL
0x00007ffb3da80000 - 0x00007ffb3da9d000 	C:\WINDOWS\SYSTEM32\dhcpcsvc.DLL
0x00007ffb44000000 - 0x00007ffb440cc000 	C:\WINDOWS\SYSTEM32\DNSAPI.dll
0x00007ffb3dc00000 - 0x00007ffb3dc0b000 	C:\WINDOWS\SYSTEM32\WINNSI.DLL

dbghelp: loaded successfully - version: 4.0.5 - missing functions: none
symbol engine: initialized successfully - sym options: 0x614 - pdb path: .;C:\Program Files\Android\Android Studio\jre\bin;C:\WINDOWS\SYSTEM32;C:\WINDOWS\WinSxS\amd64_microsoft.windows.common-controls_6595b64144ccf1df_6.0.19041.1110_none_60b5254171f9507e;C:\Program Files\Android\Android Studio\jre\bin\server;C:\Users\Nikolay\.gradle\native\fdc75f09e3144964f2cf3f50f0aa648679c211496f362492102eb8c894070792\windows-amd64;C:\Users\Nikolay\.gradle\native\12488b8bf47d2d4c9fbf2f6322a914ad602e24e48041cd04a747c6da556b65c4\windows-amd64

VM Arguments:
jvm_args: --add-opens=java.base/java.util=ALL-UNNAMED --add-opens=java.base/java.lang=ALL-UNNAMED --add-opens=java.base/java.lang.invoke=ALL-UNNAMED --add-opens=java.prefs/java.util.prefs=ALL-UNNAMED -Xmx2048m -Dfile.encoding=UTF-8 -Duser.country=RU -Duser.language=ru -Duser.variant 
java_command: org.gradle.launcher.daemon.bootstrap.GradleDaemon 6.7.1
java_class_path (initial): C:\Users\Nikolay\.gradle\wrapper\dists\gradle-6.7.1-bin\bwlcbys1h7rz3272sye1xwiv6\gradle-6.7.1\lib\gradle-launcher-6.7.1.jar
Launcher Type: SUN_STANDARD

[Global flags]
     intx CICompilerCount                          = 3                                         {product} {ergonomic}
     uint ConcGCThreads                            = 1                                         {product} {ergonomic}
     uint G1ConcRefinementThreads                  = 4                                         {product} {ergonomic}
   size_t G1HeapRegionSize                         = 1048576                                   {product} {ergonomic}
    uintx GCDrainStackTargetSize                   = 64                                        {product} {ergonomic}
   size_t InitialHeapSize                          = 132120576                                 {product} {ergonomic}
   size_t MarkStackSize                            = 4194304                                   {product} {ergonomic}
   size_t MaxHeapSize                              = 2147483648                                {product} {command line}
   size_t MaxNewSize                               = 1287651328                                {product} {ergonomic}
   size_t MinHeapDeltaBytes                        = 1048576                                   {product} {ergonomic}
    uintx NonNMethodCodeHeapSize                   = 5830732                                {pd product} {ergonomic}
    uintx NonProfiledCodeHeapSize                  = 122913754                              {pd product} {ergonomic}
    uintx ProfiledCodeHeapSize                     = 122913754                              {pd product} {ergonomic}
    uintx ReservedCodeCacheSize                    = 251658240                              {pd product} {ergonomic}
     bool SegmentedCodeCache                       = true                                      {product} {ergonomic}
     bool UseCompressedClassPointers               = true                                 {lp64_product} {ergonomic}
     bool UseCompressedOops                        = true                                 {lp64_product} {ergonomic}
     bool UseG1GC                                  = true                                      {product} {ergonomic}
     bool UseLargePagesIndividualAllocation        = false                                  {pd product} {ergonomic}

Logging:
Log output configuration:
 #0: stdout all=warning uptime,level,tags
 #1: stderr all=off uptime,level,tags

Environment Variables:
JAVA_HOME=C:\Program Files\Java\jdk-12.0.1
PATH=C:\Program Files\Microsoft HPC Pack 2008 SDK\Bin\;C:\Program Files (x86)\Intel\iCLS Client\;C:\Program Files\Intel\iCLS Client\;C:\WINDOWS\system32;C:\WINDOWS;C:\WINDOWS\System32\Wbem;C:\WINDOWS\System32\WindowsPowerShell\v1.0\;C:\Program Files (x86)\Intel\Intel(R) Management Engine Components\DAL;C:\Program Files\Intel\Intel(R) Management Engine Components\DAL;C:\Program Files (x86)\Intel\Intel(R) Management Engine Components\IPT;C:\Program Files\Intel\Intel(R) Management Engine Components\IPT;C:\Program Files\dotnet\;C:\Program Files\MATLAB\R2010b\runtime\win64;C:\Program Files\MATLAB\R2010b\bin;C:\Program Files (x86)\GtkSharp\2.12\bin;C:\Program Files\Git\cmd;C:\WINDOWS\System32\OpenSSH\;C:\Program Files\Microsoft SQL Server\Client SDK\ODBC\170\Tools\Binn\;C:\Program Files\Microsoft SQL Server\130\Tools\Binn\;C:\Program Files\MATLAB\R2013b\runtime\win64;C:\Program Files\MATLAB\R2013b\bin;C:\Program Files\MATLAB\R2013b\polyspace\bin;C:\Program Files\Microsoft SQL Server\110\DTS\Binn\;C:\Program Files (x86)\;C:\Program Files (x86)\Intel\iCLS Client\;C:\Program Files\Intel\iCLS Client\;C:\WINDOWS\system32;C:\WINDOWS;C:\WINDOWS\System32\Wbem;C:\WINDOWS\System32\WindowsPowerShell\v1.0\;C:\Program Files (x86)\Intel\Intel(R) Management Engine Components\DAL;C:\Program Files\Intel\Intel(R) Management Engine Components\DAL;C:\Program Files (x86)\Intel\Intel(R) Management Engine Components\IPT;C:\Program Files\Intel\Intel(R) Management Engine Components\IPT;C:\Program Files\Microsoft SQL Server\130\Tools\Binn\;C:\Program Files\dotnet\;C:\Program Files\MATLAB\R2010b\runtime\win64;C:\Program Files\MATLAB\R2010b\bin;C:\Program Files (x86)\GtkSharp\2.12\bin;C:\Program Files\Git\cmd;C:\WINDOWS\System32\OpenSSH\;C:\Program Files\MATLAB\R2013b\runtime\win64;C:\Program Files\MATLAB\R2013b\bin;C:\Program Files\MATLAB\R2013b\polyspace\bin;C:\Program Files\Microsoft SQL Server\110\DTS\Binn\;C:\Program Files (x86)\Microsoft SQL Server\110\Tools\Binn\;C:\Program Files\Microsoft SQL S
USERNAME=Nikolay
OS=Windows_NT
PROCESSOR_IDENTIFIER=Intel64 Family 6 Model 142 Stepping 9, GenuineIntel



---------------  S Y S T E M  ---------------

OS: Windows 10 , 64 bit Build 19041 (10.0.19041.1023)
OS uptime: 1 days 7:22 hours
HyperV virtualization detected

CPU:total 4 (initial active 4) (2 cores per cpu, 2 threads per core) family 6 model 142 stepping 9, cmov, cx8, fxsr, mmx, sse, sse2, sse3, ssse3, sse4.1, sse4.2, popcnt, avx, avx2, aes, clmul, erms, 3dnowpref, lzcnt, ht, tsc, tscinvbit, bmi1, bmi2, adx, fma

Memory: 4k page, system-wide physical 8060M (303M free)
TotalPageFile size 15228M (AvailPageFile size 0M)
current process WorkingSet (physical memory assigned to process): 312M, peak: 312M
current process commit charge ("private bytes"): 343M, peak: 344M

vm_info: OpenJDK 64-Bit Server VM (11.0.8+10-b944.6842174) for windows-amd64 JRE (11.0.8+10-b944.6842174), built on Sep 19 2020 01:11:42 by "builder" with MS VC++ 14.0 (VS2015)

END.
